  EnginePrediction.cpp
  Aimbot.cpp
  Autowall.cpp
  LagComp.cpp
d:\softwares\project files\data\stickrpghook with new menu, modified resolver, and new features\antario\sdk\vector.h(124): warning C4244: '=': conversion from 'double' to 'float', possible loss of data (compiling source file Antario\Features\Aimbot\LagComp.cpp)
d:\softwares\project files\data\stickrpghook with new menu, modified resolver, and new features\antario\sdk\vector.h(126): warning C4244: 'argument': conversion from 'double' to 'float', possible loss of data (compiling source file Antario\Features\Aimbot\LagComp.cpp)
d:\softwares\project files\data\stickrpghook with new menu, modified resolver, and new features\antario\sdk\vector.h(124): warning C4244: '=': conversion from 'double' to 'float', possible loss of data (compiling source file Antario\Features\Aimbot\Autowall.cpp)
d:\softwares\project files\data\stickrpghook with new menu, modified resolver, and new features\antario\sdk\vector.h(126): warning C4244: 'argument': conversion from 'double' to 'float', possible loss of data (compiling source file Antario\Features\Aimbot\Autowall.cpp)
d:\softwares\project files\data\stickrpghook with new menu, modified resolver, and new features\antario\sdk\vector.h(124): warning C4244: '=': conversion from 'double' to 'float', possible loss of data (compiling source file Antario\Features\Aimbot\Aimbot.cpp)
d:\softwares\project files\data\stickrpghook with new menu, modified resolver, and new features\antario\sdk\vector.h(126): warning C4244: 'argument': conversion from 'double' to 'float', possible loss of data (compiling source file Antario\Features\Aimbot\Aimbot.cpp)
d:\softwares\project files\data\stickrpghook with new menu, modified resolver, and new features\antario\sdk\vector.h(124): warning C4244: '=': conversion from 'double' to 'float', possible loss of data (compiling source file Antario\Features\Aimbot\EnginePrediction.cpp)
d:\softwares\project files\data\stickrpghook with new menu, modified resolver, and new features\antario\sdk\vector.h(126): warning C4244: 'argument': conversion from 'double' to 'float', possible loss of data (compiling source file Antario\Features\Aimbot\EnginePrediction.cpp)
d:\softwares\project files\data\stickrpghook with new menu, modified resolver, and new features\antario\utils\utils.h(67): error C2664: 'HMODULE GetModuleHandleW(LPCWSTR)': cannot convert argument 1 from 'const char *' to 'LPCWSTR' (compiling source file Antario\Features\Aimbot\LagComp.cpp)
  d:\softwares\project files\data\stickrpghook with new menu, modified resolver, and new features\antario\utils\utils.h(67): note: Types pointed to are unrelated; conversion requires reinterpret_cast, C-style cast or function-style cast (compiling source file Antario\Features\Aimbot\LagComp.cpp)
d:\softwares\project files\data\stickrpghook with new menu, modified resolver, and new features\antario\utils\utils.h(67): error C2664: 'HMODULE GetModuleHandleW(LPCWSTR)': cannot convert argument 1 from 'const char *' to 'LPCWSTR' (compiling source file Antario\Features\Aimbot\EnginePrediction.cpp)
  d:\softwares\project files\data\stickrpghook with new menu, modified resolver, and new features\antario\utils\utils.h(67): note: Types pointed to are unrelated; conversion requires reinterpret_cast, C-style cast or function-style cast (compiling source file Antario\Features\Aimbot\EnginePrediction.cpp)
d:\softwares\project files\data\stickrpghook with new menu, modified resolver, and new features\antario\utils\utils.h(67): error C2789: 'module_address': an object of const-qualified type must be initialized (compiling source file Antario\Features\Aimbot\LagComp.cpp)
d:\softwares\project files\data\stickrpghook with new menu, modified resolver, and new features\antario\utils\utils.h(67): error C2789: 'module_address': an object of const-qualified type must be initialized (compiling source file Antario\Features\Aimbot\EnginePrediction.cpp)
d:\softwares\project files\data\stickrpghook with new menu, modified resolver, and new features\antario\utils\utils.h(67): error C2664: 'HMODULE GetModuleHandleW(LPCWSTR)': cannot convert argument 1 from 'const char *' to 'LPCWSTR' (compiling source file Antario\Features\Aimbot\Aimbot.cpp)
  d:\softwares\project files\data\stickrpghook with new menu, modified resolver, and new features\antario\utils\utils.h(67): note: see declaration of 'module_address' (compiling source file Antario\Features\Aimbot\LagComp.cpp)
  d:\softwares\project files\data\stickrpghook with new menu, modified resolver, and new features\antario\utils\utils.h(67): note: see declaration of 'module_address' (compiling source file Antario\Features\Aimbot\EnginePrediction.cpp)
  d:\softwares\project files\data\stickrpghook with new menu, modified resolver, and new features\antario\utils\utils.h(67): note: Types pointed to are unrelated; conversion requires reinterpret_cast, C-style cast or function-style cast (compiling source file Antario\Features\Aimbot\Aimbot.cpp)
d:\softwares\project files\data\stickrpghook with new menu, modified resolver, and new features\antario\utils\utils.h(67): error C2664: 'HMODULE GetModuleHandleW(LPCWSTR)': cannot convert argument 1 from 'const char *' to 'LPCWSTR' (compiling source file Antario\Features\Aimbot\Autowall.cpp)
  d:\softwares\project files\data\stickrpghook with new menu, modified resolver, and new features\antario\utils\utils.h(67): note: Types pointed to are unrelated; conversion requires reinterpret_cast, C-style cast or function-style cast (compiling source file Antario\Features\Aimbot\Autowall.cpp)
d:\softwares\project files\data\stickrpghook with new menu, modified resolver, and new features\antario\utils\utils.h(67): error C2789: 'module_address': an object of const-qualified type must be initialized (compiling source file Antario\Features\Aimbot\Aimbot.cpp)
  d:\softwares\project files\data\stickrpghook with new menu, modified resolver, and new features\antario\utils\utils.h(67): note: see declaration of 'module_address' (compiling source file Antario\Features\Aimbot\Aimbot.cpp)
d:\softwares\project files\data\stickrpghook with new menu, modified resolver, and new features\antario\utils\utils.h(67): error C2789: 'module_address': an object of const-qualified type must be initialized (compiling source file Antario\Features\Aimbot\Autowall.cpp)
  d:\softwares\project files\data\stickrpghook with new menu, modified resolver, and new features\antario\utils\utils.h(67): note: see declaration of 'module_address' (compiling source file Antario\Features\Aimbot\Autowall.cpp)
d:\softwares\project files\data\stickrpghook with new menu, modified resolver, and new features\antario\features\aimbot\autowall.cpp(108): warning C4244: '*=': conversion from 'double' to 'float', possible loss of data
d:\softwares\project files\data\stickrpghook with new menu, modified resolver, and new features\antario\features\aimbot\autowall.cpp(135): warning C4244: '*=': conversion from 'double' to 'float', possible loss of data
d:\softwares\project files\data\stickrpghook with new menu, modified resolver, and new features\antario\features\aimbot\aimbot.cpp(49): warning C4244: 'initializing': conversion from 'double' to 'float', possible loss of data
d:\softwares\project files\data\stickrpghook with new menu, modified resolver, and new features\antario\features\aimbot\aimbot.cpp(51): warning C4244: 'initializing': conversion from 'double' to 'float', possible loss of data
d:\softwares\project files\data\stickrpghook with new menu, modified resolver, and new features\antario\features\aimbot\aimbot.cpp(64): warning C4244: 'initializing': conversion from 'float' to 'int', possible loss of data
d:\softwares\project files\data\stickrpghook with new menu, modified resolver, and new features\antario\features\aimbot\aimbot.cpp(73): warning C4305: 'argument': truncation from 'double' to 'float'
d:\softwares\project files\data\stickrpghook with new menu, modified resolver, and new features\antario\features\aimbot\lagcomp.cpp(108): warning C4018: '<': signed/unsigned mismatch
d:\softwares\project files\data\stickrpghook with new menu, modified resolver, and new features\antario\features\aimbot\aimbot.cpp(286): warning C4244: '=': conversion from 'float' to 'int', possible loss of data
d:\softwares\project files\data\stickrpghook with new menu, modified resolver, and new features\antario\features\aimbot\aimbot.cpp(292): warning C4244: '=': conversion from 'float' to 'int', possible loss of data
d:\softwares\project files\data\stickrpghook with new menu, modified resolver, and new features\antario\features\aimbot\aimbot.cpp(307): warning C4244: '=': conversion from 'float' to 'int', possible loss of data
d:\softwares\project files\data\stickrpghook with new menu, modified resolver, and new features\antario\features\aimbot\lagcomp.cpp(119): warning C4018: '<': signed/unsigned mismatch
  AntiAim.cpp
  Legitbot.cpp
  Resolver.cpp
  Hooks.cpp
d:\softwares\project files\data\stickrpghook with new menu, modified resolver, and new features\antario\sdk\vector.h(124): warning C4244: '=': conversion from 'double' to 'float', possible loss of data (compiling source file Antario\Features\AntiAim\AntiAim.cpp)
d:\softwares\project files\data\stickrpghook with new menu, modified resolver, and new features\antario\sdk\vector.h(126): warning C4244: 'argument': conversion from 'double' to 'float', possible loss of data (compiling source file Antario\Features\AntiAim\AntiAim.cpp)
d:\softwares\project files\data\stickrpghook with new menu, modified resolver, and new features\antario\sdk\vector.h(124): warning C4244: '=': conversion from 'double' to 'float', possible loss of data (compiling source file Antario\Features\Legit\Legitbot.cpp)
d:\softwares\project files\data\stickrpghook with new menu, modified resolver, and new features\antario\sdk\vector.h(126): warning C4244: 'argument': conversion from 'double' to 'float', possible loss of data (compiling source file Antario\Features\Legit\Legitbot.cpp)
d:\softwares\project files\data\stickrpghook with new menu, modified resolver, and new features\antario\utils\utils.h(67): error C2664: 'HMODULE GetModuleHandleW(LPCWSTR)': cannot convert argument 1 from 'const char *' to 'LPCWSTR' (compiling source file Antario\Features\AntiAim\AntiAim.cpp)
  d:\softwares\project files\data\stickrpghook with new menu, modified resolver, and new features\antario\utils\utils.h(67): note: Types pointed to are unrelated; conversion requires reinterpret_cast, C-style cast or function-style cast (compiling source file Antario\Features\AntiAim\AntiAim.cpp)
d:\softwares\project files\data\stickrpghook with new menu, modified resolver, and new features\antario\utils\utils.h(67): error C2789: 'module_address': an object of const-qualified type must be initialized (compiling source file Antario\Features\AntiAim\AntiAim.cpp)
  d:\softwares\project files\data\stickrpghook with new menu, modified resolver, and new features\antario\utils\utils.h(67): note: see declaration of 'module_address' (compiling source file Antario\Features\AntiAim\AntiAim.cpp)
d:\softwares\project files\data\stickrpghook with new menu, modified resolver, and new features\antario\sdk\vector.h(124): warning C4244: '=': conversion from 'double' to 'float', possible loss of data (compiling source file Antario\Features\Resolver\Resolver.cpp)
d:\softwares\project files\data\stickrpghook with new menu, modified resolver, and new features\antario\sdk\vector.h(126): warning C4244: 'argument': conversion from 'double' to 'float', possible loss of data (compiling source file Antario\Features\Resolver\Resolver.cpp)
d:\softwares\project files\data\stickrpghook with new menu, modified resolver, and new features\antario\sdk\vector.h(124): warning C4244: '=': conversion from 'double' to 'float', possible loss of data (compiling source file Antario\Hooks.cpp)
d:\softwares\project files\data\stickrpghook with new menu, modified resolver, and new features\antario\sdk\vector.h(126): warning C4244: 'argument': conversion from 'double' to 'float', possible loss of data (compiling source file Antario\Hooks.cpp)
d:\softwares\project files\data\stickrpghook with new menu, modified resolver, and new features\antario\utils\utils.h(67): error C2664: 'HMODULE GetModuleHandleW(LPCWSTR)': cannot convert argument 1 from 'const char *' to 'LPCWSTR' (compiling source file Antario\Features\Legit\Legitbot.cpp)
  d:\softwares\project files\data\stickrpghook with new menu, modified resolver, and new features\antario\utils\utils.h(67): note: Types pointed to are unrelated; conversion requires reinterpret_cast, C-style cast or function-style cast (compiling source file Antario\Features\Legit\Legitbot.cpp)
d:\softwares\project files\data\stickrpghook with new menu, modified resolver, and new features\antario\utils\utils.h(67): error C2789: 'module_address': an object of const-qualified type must be initialized (compiling source file Antario\Features\Legit\Legitbot.cpp)
  d:\softwares\project files\data\stickrpghook with new menu, modified resolver, and new features\antario\utils\utils.h(67): note: see declaration of 'module_address' (compiling source file Antario\Features\Legit\Legitbot.cpp)
d:\softwares\project files\data\stickrpghook with new menu, modified resolver, and new features\antario\utils\utils.h(67): error C2664: 'HMODULE GetModuleHandleW(LPCWSTR)': cannot convert argument 1 from 'const char *' to 'LPCWSTR' (compiling source file Antario\Hooks.cpp)
  d:\softwares\project files\data\stickrpghook with new menu, modified resolver, and new features\antario\utils\utils.h(67): note: Types pointed to are unrelated; conversion requires reinterpret_cast, C-style cast or function-style cast (compiling source file Antario\Hooks.cpp)
d:\softwares\project files\data\stickrpghook with new menu, modified resolver, and new features\antario\utils\utils.h(67): error C2789: 'module_address': an object of const-qualified type must be initialized (compiling source file Antario\Hooks.cpp)
  d:\softwares\project files\data\stickrpghook with new menu, modified resolver, and new features\antario\utils\utils.h(67): note: see declaration of 'module_address' (compiling source file Antario\Hooks.cpp)
d:\softwares\project files\data\stickrpghook with new menu, modified resolver, and new features\antario\utils\utils.h(67): error C2664: 'HMODULE GetModuleHandleW(LPCWSTR)': cannot convert argument 1 from 'const char *' to 'LPCWSTR' (compiling source file Antario\Features\Resolver\Resolver.cpp)
  d:\softwares\project files\data\stickrpghook with new menu, modified resolver, and new features\antario\utils\utils.h(67): note: Types pointed to are unrelated; conversion requires reinterpret_cast, C-style cast or function-style cast (compiling source file Antario\Features\Resolver\Resolver.cpp)
d:\softwares\project files\data\stickrpghook with new menu, modified resolver, and new features\antario\utils\utils.h(67): error C2789: 'module_address': an object of const-qualified type must be initialized (compiling source file Antario\Features\Resolver\Resolver.cpp)
  d:\softwares\project files\data\stickrpghook with new menu, modified resolver, and new features\antario\utils\utils.h(67): note: see declaration of 'module_address' (compiling source file Antario\Features\Resolver\Resolver.cpp)
d:\softwares\project files\data\stickrpghook with new menu, modified resolver, and new features\antario\sdk\isurface.h(278): error C2664: 'HWND FindWindowW(LPCWSTR,LPCWSTR)': cannot convert argument 2 from 'const char [33]' to 'LPCWSTR' (compiling source file Antario\Hooks.cpp)
  d:\softwares\project files\data\stickrpghook with new menu, modified resolver, and new features\antario\sdk\isurface.h(278): note: Types pointed to are unrelated; conversion requires reinterpret_cast, C-style cast or function-style cast (compiling source file Antario\Hooks.cpp)
  DLLMain.cpp
d:\softwares\project files\data\stickrpghook with new menu, modified resolver, and new features\antario\features\legit\legitbot.cpp(31): warning C4305: 'initializing': truncation from '__int64' to 'int'
d:\softwares\project files\data\stickrpghook with new menu, modified resolver, and new features\antario\features\legit\legitbot.cpp(31): warning C4309: 'initializing': truncation of constant value
d:\softwares\project files\data\stickrpghook with new menu, modified resolver, and new features\antario\features\legit\legitbot.cpp(60): warning C4018: '<': signed/unsigned mismatch
d:\softwares\project files\data\stickrpghook with new menu, modified resolver, and new features\antario\features\legit\legitbot.cpp(70): warning C4244: 'initializing': conversion from 'int' to 'float', possible loss of data
d:\softwares\project files\data\stickrpghook with new menu, modified resolver, and new features\antario\features\legit\legitbot.cpp(71): warning C4244: 'initializing': conversion from 'int' to 'float', possible loss of data
d:\softwares\project files\data\stickrpghook with new menu, modified resolver, and new features\antario\features\legit\legitbot.cpp(82): warning C4018: '<': signed/unsigned mismatch
d:\softwares\project files\data\stickrpghook with new menu, modified resolver, and new features\antario\features\legit\legitbot.cpp(89): warning C4244: '=': conversion from 'float' to 'int', possible loss of data
d:\softwares\project files\data\stickrpghook with new menu, modified resolver, and new features\antario\features\legit\legitbot.cpp(92): warning C4305: '=': truncation from '__int64' to 'int'
d:\softwares\project files\data\stickrpghook with new menu, modified resolver, and new features\antario\features\legit\legitbot.cpp(92): warning C4309: '=': truncation of constant value
  Menu.cpp
  TGFCfg.cpp
d:\softwares\project files\data\stickrpghook with new menu, modified resolver, and new features\antario\features\misc\misc.h(133): warning C4244: 'initializing': conversion from 'int' to 'float', possible loss of data (compiling source file Antario\Hooks.cpp)
d:\softwares\project files\data\stickrpghook with new menu, modified resolver, and new features\antario\features\misc\misc.h(134): warning C4244: 'initializing': conversion from 'int' to 'float', possible loss of data (compiling source file Antario\Hooks.cpp)
d:\softwares\project files\data\stickrpghook with new menu, modified resolver, and new features\antario\features\misc\misc.h(142): warning C4244: 'argument': conversion from 'float' to 'int', possible loss of data (compiling source file Antario\Hooks.cpp)
d:\softwares\project files\data\stickrpghook with new menu, modified resolver, and new features\antario\features\misc\misc.h(143): warning C4244: 'argument': conversion from 'float' to 'int', possible loss of data (compiling source file Antario\Hooks.cpp)
d:\softwares\project files\data\stickrpghook with new menu, modified resolver, and new features\antario\hooks.cpp(18): error C2664: 'HMODULE GetModuleHandleW(LPCWSTR)': cannot convert argument 1 from 'const char [10]' to 'LPCWSTR'
  d:\softwares\project files\data\stickrpghook with new menu, modified resolver, and new features\antario\hooks.cpp(18): note: Types pointed to are unrelated; conversion requires reinterpret_cast, C-style cast or function-style cast
d:\softwares\project files\data\stickrpghook with new menu, modified resolver, and new features\antario\hooks.cpp(22): error C4996: 'vsprintf': This function or variable may be unsafe. Consider using vsprintf_s instead. To disable deprecation, use _CRT_SECURE_NO_WARNINGS. See online help for details.
  c:\program files (x86)\windows kits\10\include\10.0.17763.0\ucrt\stdio.h(1469): note: see declaration of 'vsprintf'
d:\softwares\project files\data\stickrpghook with new menu, modified resolver, and new features\antario\hooks.cpp(412): warning C4244: '=': conversion from 'int' to 'float', possible loss of data
d:\softwares\project files\data\stickrpghook with new menu, modified resolver, and new features\antario\hooks.cpp(415): warning C4244: '=': conversion from 'int' to 'float', possible loss of data
  CEntity.cpp
d:\softwares\project files\data\stickrpghook with new menu, modified resolver, and new features\antario\sdk\vector.h(124): warning C4244: '=': conversion from 'double' to 'float', possible loss of data (compiling source file Antario\DLLMain.cpp)
d:\softwares\project files\data\stickrpghook with new menu, modified resolver, and new features\antario\sdk\vector.h(126): warning C4244: 'argument': conversion from 'double' to 'float', possible loss of data (compiling source file Antario\DLLMain.cpp)
d:\softwares\project files\data\stickrpghook with new menu, modified resolver, and new features\antario\utils\utils.h(67): error C2664: 'HMODULE GetModuleHandleW(LPCWSTR)': cannot convert argument 1 from 'const char *' to 'LPCWSTR' (compiling source file Antario\DLLMain.cpp)
  d:\softwares\project files\data\stickrpghook with new menu, modified resolver, and new features\antario\utils\utils.h(67): note: Types pointed to are unrelated; conversion requires reinterpret_cast, C-style cast or function-style cast (compiling source file Antario\DLLMain.cpp)
d:\softwares\project files\data\stickrpghook with new menu, modified resolver, and new features\antario\utils\utils.h(67): error C2789: 'module_address': an object of const-qualified type must be initialized (compiling source file Antario\DLLMain.cpp)
  d:\softwares\project files\data\stickrpghook with new menu, modified resolver, and new features\antario\utils\utils.h(67): note: see declaration of 'module_address' (compiling source file Antario\DLLMain.cpp)
d:\softwares\project files\data\stickrpghook with new menu, modified resolver, and new features\antario\sdk\isurface.h(278): error C2664: 'HWND FindWindowW(LPCWSTR,LPCWSTR)': cannot convert argument 2 from 'const char [33]' to 'LPCWSTR' (compiling source file Antario\DLLMain.cpp)
  d:\softwares\project files\data\stickrpghook with new menu, modified resolver, and new features\antario\sdk\isurface.h(278): note: Types pointed to are unrelated; conversion requires reinterpret_cast, C-style cast or function-style cast (compiling source file Antario\DLLMain.cpp)
  GlobalVars.cpp
d:\softwares\project files\data\stickrpghook with new menu, modified resolver, and new features\antario\sdk\vector.h(124): warning C4244: '=': conversion from 'double' to 'float', possible loss of data (compiling source file Antario\SDK\CEntity.cpp)
d:\softwares\project files\data\stickrpghook with new menu, modified resolver, and new features\antario\sdk\vector.h(126): warning C4244: 'argument': conversion from 'double' to 'float', possible loss of data (compiling source file Antario\SDK\CEntity.cpp)
d:\softwares\project files\data\stickrpghook with new menu, modified resolver, and new features\antario\utils\utils.h(67): error C2664: 'HMODULE GetModuleHandleW(LPCWSTR)': cannot convert argument 1 from 'const char *' to 'LPCWSTR' (compiling source file Antario\SDK\CEntity.cpp)
  d:\softwares\project files\data\stickrpghook with new menu, modified resolver, and new features\antario\utils\utils.h(67): note: Types pointed to are unrelated; conversion requires reinterpret_cast, C-style cast or function-style cast (compiling source file Antario\SDK\CEntity.cpp)
d:\softwares\project files\data\stickrpghook with new menu, modified resolver, and new features\antario\utils\utils.h(67): error C2789: 'module_address': an object of const-qualified type must be initialized (compiling source file Antario\SDK\CEntity.cpp)
  d:\softwares\project files\data\stickrpghook with new menu, modified resolver, and new features\antario\utils\utils.h(67): note: see declaration of 'module_address' (compiling source file Antario\SDK\CEntity.cpp)
  Interfaces.cpp
d:\softwares\project files\data\stickrpghook with new menu, modified resolver, and new features\antario\sdk\vector.h(124): warning C4244: '=': conversion from 'double' to 'float', possible loss of data (compiling source file Antario\Menu\Menu.cpp)
d:\softwares\project files\data\stickrpghook with new menu, modified resolver, and new features\antario\sdk\vector.h(126): warning C4244: 'argument': conversion from 'double' to 'float', possible loss of data (compiling source file Antario\Menu\Menu.cpp)
d:\softwares\project files\data\stickrpghook with new menu, modified resolver, and new features\antario\utils\utils.h(67): error C2664: 'HMODULE GetModuleHandleW(LPCWSTR)': cannot convert argument 1 from 'const char *' to 'LPCWSTR' (compiling source file Antario\Menu\Menu.cpp)
  d:\softwares\project files\data\stickrpghook with new menu, modified resolver, and new features\antario\utils\utils.h(67): note: Types pointed to are unrelated; conversion requires reinterpret_cast, C-style cast or function-style cast (compiling source file Antario\Menu\Menu.cpp)
d:\softwares\project files\data\stickrpghook with new menu, modified resolver, and new features\antario\utils\utils.h(67): error C2789: 'module_address': an object of const-qualified type must be initialized (compiling source file Antario\Menu\Menu.cpp)
  d:\softwares\project files\data\stickrpghook with new menu, modified resolver, and new features\antario\utils\utils.h(67): note: see declaration of 'module_address' (compiling source file Antario\Menu\Menu.cpp)
d:\softwares\project files\data\stickrpghook with new menu, modified resolver, and new features\antario\sdk\isurface.h(278): error C2664: 'HWND FindWindowW(LPCWSTR,LPCWSTR)': cannot convert argument 2 from 'const char [33]' to 'LPCWSTR' (compiling source file Antario\Menu\Menu.cpp)
  d:\softwares\project files\data\stickrpghook with new menu, modified resolver, and new features\antario\sdk\isurface.h(278): note: Types pointed to are unrelated; conversion requires reinterpret_cast, C-style cast or function-style cast (compiling source file Antario\Menu\Menu.cpp)
d:\softwares\project files\data\stickrpghook with new menu, modified resolver, and new features\antario\menu\tgfcfg.cpp(121): error C2440: '<function-style-cast>': cannot convert from 'TCHAR [260]' to 'std::string'
  d:\softwares\project files\data\stickrpghook with new menu, modified resolver, and new features\antario\menu\tgfcfg.cpp(121): note: No constructor could take the source type, or constructor overload resolution was ambiguous
d:\softwares\project files\data\stickrpghook with new menu, modified resolver, and new features\antario\menu\tgfcfg.cpp(122): error C2440: '<function-style-cast>': cannot convert from 'TCHAR [260]' to 'std::string'
  d:\softwares\project files\data\stickrpghook with new menu, modified resolver, and new features\antario\menu\tgfcfg.cpp(122): note: No constructor could take the source type, or constructor overload resolution was ambiguous
d:\softwares\project files\data\stickrpghook with new menu, modified resolver, and new features\antario\menu\tgfcfg.cpp(125): error C2664: 'BOOL CreateDirectoryW(LPCWSTR,LPSECURITY_ATTRIBUTES)': cannot convert argument 1 from 'const _Elem *' to 'LPCWSTR'
          with
          [
              _Elem=char
          ]
  d:\softwares\project files\data\stickrpghook with new menu, modified resolver, and new features\antario\menu\tgfcfg.cpp(125): note: Types pointed to are unrelated; conversion requires reinterpret_cast, C-style cast or function-style cast
d:\softwares\project files\data\stickrpghook with new menu, modified resolver, and new features\antario\menu\tgfcfg.cpp(128): error C2664: 'BOOL WritePrivateProfileStringW(LPCWSTR,LPCWSTR,LPCWSTR,LPCWSTR)': cannot convert argument 1 from 'char [8]' to 'LPCWSTR'
  d:\softwares\project files\data\stickrpghook with new menu, modified resolver, and new features\antario\menu\tgfcfg.cpp(128): note: Types pointed to are unrelated; conversion requires reinterpret_cast, C-style cast or function-style cast
d:\softwares\project files\data\stickrpghook with new menu, modified resolver, and new features\antario\menu\tgfcfg.cpp(131): error C2664: 'BOOL WritePrivateProfileStringW(LPCWSTR,LPCWSTR,LPCWSTR,LPCWSTR)': cannot convert argument 1 from 'char [8]' to 'LPCWSTR'
  d:\softwares\project files\data\stickrpghook with new menu, modified resolver, and new features\antario\menu\tgfcfg.cpp(131): note: Types pointed to are unrelated; conversion requires reinterpret_cast, C-style cast or function-style cast
d:\softwares\project files\data\stickrpghook with new menu, modified resolver, and new features\antario\menu\tgfcfg.cpp(134): error C2664: 'BOOL WritePrivateProfileStringW(LPCWSTR,LPCWSTR,LPCWSTR,LPCWSTR)': cannot convert argument 1 from 'char [8]' to 'LPCWSTR'
  d:\softwares\project files\data\stickrpghook with new menu, modified resolver, and new features\antario\menu\tgfcfg.cpp(134): note: Types pointed to are unrelated; conversion requires reinterpret_cast, C-style cast or function-style cast
d:\softwares\project files\data\stickrpghook with new menu, modified resolver, and new features\antario\menu\tgfcfg.cpp(144): error C2440: '<function-style-cast>': cannot convert from 'TCHAR [260]' to 'std::string'
  d:\softwares\project files\data\stickrpghook with new menu, modified resolver, and new features\antario\menu\tgfcfg.cpp(144): note: No constructor could take the source type, or constructor overload resolution was ambiguous
d:\softwares\project files\data\stickrpghook with new menu, modified resolver, and new features\antario\menu\tgfcfg.cpp(145): error C2440: '<function-style-cast>': cannot convert from 'TCHAR [260]' to 'std::string'
  d:\softwares\project files\data\stickrpghook with new menu, modified resolver, and new features\antario\menu\tgfcfg.cpp(145): note: No constructor could take the source type, or constructor overload resolution was ambiguous
d:\softwares\project files\data\stickrpghook with new menu, modified resolver, and new features\antario\menu\tgfcfg.cpp(148): error C2664: 'BOOL CreateDirectoryW(LPCWSTR,LPSECURITY_ATTRIBUTES)': cannot convert argument 1 from 'const _Elem *' to 'LPCWSTR'
          with
          [
              _Elem=char
          ]
  d:\softwares\project files\data\stickrpghook with new menu, modified resolver, and new features\antario\menu\tgfcfg.cpp(148): note: Types pointed to are unrelated; conversion requires reinterpret_cast, C-style cast or function-style cast
d:\softwares\project files\data\stickrpghook with new menu, modified resolver, and new features\antario\menu\tgfcfg.cpp(154): error C2664: 'DWORD GetPrivateProfileStringW(LPCWSTR,LPCWSTR,LPCWSTR,LPWSTR,DWORD,LPCWSTR)': cannot convert argument 1 from 'char [8]' to 'LPCWSTR'
  d:\softwares\project files\data\stickrpghook with new menu, modified resolver, and new features\antario\menu\tgfcfg.cpp(154): note: Types pointed to are unrelated; conversion requires reinterpret_cast, C-style cast or function-style cast
d:\softwares\project files\data\stickrpghook with new menu, modified resolver, and new features\antario\menu\tgfcfg.cpp(160): error C2664: 'DWORD GetPrivateProfileStringW(LPCWSTR,LPCWSTR,LPCWSTR,LPWSTR,DWORD,LPCWSTR)': cannot convert argument 1 from 'char [8]' to 'LPCWSTR'
  d:\softwares\project files\data\stickrpghook with new menu, modified resolver, and new features\antario\menu\tgfcfg.cpp(160): note: Types pointed to are unrelated; conversion requires reinterpret_cast, C-style cast or function-style cast
d:\softwares\project files\data\stickrpghook with new menu, modified resolver, and new features\antario\menu\tgfcfg.cpp(161): warning C4244: '=': conversion from 'double' to 'T', possible loss of data
          with
          [
              T=float
          ]
d:\softwares\project files\data\stickrpghook with new menu, modified resolver, and new features\antario\menu\tgfcfg.cpp(166): error C2664: 'DWORD GetPrivateProfileStringW(LPCWSTR,LPCWSTR,LPCWSTR,LPWSTR,DWORD,LPCWSTR)': cannot convert argument 1 from 'char [8]' to 'LPCWSTR'
  d:\softwares\project files\data\stickrpghook with new menu, modified resolver, and new features\antario\menu\tgfcfg.cpp(166): note: Types pointed to are unrelated; conversion requires reinterpret_cast, C-style cast or function-style cast
  Math.cpp
d:\softwares\project files\data\stickrpghook with new menu, modified resolver, and new features\antario\utils\xorstr.h(108): error C4996: 'vsprintf': This function or variable may be unsafe. Consider using vsprintf_s instead. To disable deprecation, use _CRT_SECURE_NO_WARNINGS. See online help for details. (compiling source file Antario\Menu\Menu.cpp)
  c:\program files (x86)\windows kits\10\include\10.0.17763.0\ucrt\stdio.h(1469): note: see declaration of 'vsprintf' (compiling source file Antario\Menu\Menu.cpp)
d:\softwares\project files\data\stickrpghook with new menu, modified resolver, and new features\antario\menu\menu.cpp(58): warning C4244: 'argument': conversion from 'float' to 'int', possible loss of data
d:\softwares\project files\data\stickrpghook with new menu, modified resolver, and new features\antario\menu\menu.cpp(61): warning C4244: '=': conversion from 'float' to 'int', possible loss of data
d:\softwares\project files\data\stickrpghook with new menu, modified resolver, and new features\antario\menu\menu.cpp(62): warning C4244: '=': conversion from 'float' to 'int', possible loss of data
d:\softwares\project files\data\stickrpghook with new menu, modified resolver, and new features\antario\menu\menu.cpp(70): warning C4244: '=': conversion from 'int' to 'float', possible loss of data
d:\softwares\project files\data\stickrpghook with new menu, modified resolver, and new features\antario\menu\menu.cpp(72): warning C4244: '=': conversion from 'int' to 'float', possible loss of data
d:\softwares\project files\data\stickrpghook with new menu, modified resolver, and new features\antario\menu\menu.cpp(74): warning C4244: 'argument': conversion from 'float' to 'int', possible loss of data
d:\softwares\project files\data\stickrpghook with new menu, modified resolver, and new features\antario\menu\menu.cpp(76): warning C4244: '=': conversion from 'float' to 'int', possible loss of data
d:\softwares\project files\data\stickrpghook with new menu, modified resolver, and new features\antario\menu\menu.cpp(77): warning C4244: '=': conversion from 'float' to 'int', possible loss of data
d:\softwares\project files\data\stickrpghook with new menu, modified resolver, and new features\antario\menu\menu.cpp(84): warning C4244: 'argument': conversion from 'float' to 'int', possible loss of data
d:\softwares\project files\data\stickrpghook with new menu, modified resolver, and new features\antario\menu\menu.cpp(93): warning C4244: 'argument': conversion from 'float' to 'int', possible loss of data
d:\softwares\project files\data\stickrpghook with new menu, modified resolver, and new features\antario\menu\menu.cpp(106): warning C4244: 'argument': conversion from 'float' to 'int', possible loss of data
d:\softwares\project files\data\stickrpghook with new menu, modified resolver, and new features\antario\menu\menu.cpp(119): warning C4244: 'argument': conversion from 'float' to 'int', possible loss of data
d:\softwares\project files\data\stickrpghook with new menu, modified resolver, and new features\antario\menu\menu.cpp(123): warning C4244: 'argument': conversion from 'float' to 'int', possible loss of data
d:\softwares\project files\data\stickrpghook with new menu, modified resolver, and new features\antario\menu\menu.cpp(124): warning C4244: 'argument': conversion from 'float' to 'int', possible loss of data
d:\softwares\project files\data\stickrpghook with new menu, modified resolver, and new features\antario\menu\menu.cpp(128): warning C4244: 'argument': conversion from 'float' to 'int', possible loss of data
d:\softwares\project files\data\stickrpghook with new menu, modified resolver, and new features\antario\menu\menu.cpp(129): warning C4244: 'argument': conversion from 'float' to 'int', possible loss of data
d:\softwares\project files\data\stickrpghook with new menu, modified resolver, and new features\antario\menu\menu.cpp(132): warning C4244: 'argument': conversion from 'float' to 'int', possible loss of data
d:\softwares\project files\data\stickrpghook with new menu, modified resolver, and new features\antario\menu\menu.cpp(133): warning C4244: 'argument': conversion from 'float' to 'int', possible loss of data
d:\softwares\project files\data\stickrpghook with new menu, modified resolver, and new features\antario\menu\menu.cpp(230): warning C4244: '=': conversion from 'int' to 'float', possible loss of data
d:\softwares\project files\data\stickrpghook with new menu, modified resolver, and new features\antario\menu\menu.cpp(231): warning C4244: '=': conversion from 'int' to 'float', possible loss of data
d:\softwares\project files\data\stickrpghook with new menu, modified resolver, and new features\antario\menu\menu.cpp(237): warning C4838: conversion from 'float' to 'int' requires a narrowing conversion
d:\softwares\project files\data\stickrpghook with new menu, modified resolver, and new features\antario\menu\menu.cpp(237): warning C4244: 'initializing': conversion from 'float' to 'int', possible loss of data
d:\softwares\project files\data\stickrpghook with new menu, modified resolver, and new features\antario\menu\menu.cpp(270): warning C4244: 'initializing': conversion from 'float' to 'int', possible loss of data
d:\softwares\project files\data\stickrpghook with new menu, modified resolver, and new features\antario\menu\menu.cpp(284): warning C4244: '=': conversion from 'float' to 'int', possible loss of data
d:\softwares\project files\data\stickrpghook with new menu, modified resolver, and new features\antario\menu\menu.cpp(354): warning C4244: '=': conversion from 'float' to 'int', possible loss of data
d:\softwares\project files\data\stickrpghook with new menu, modified resolver, and new features\antario\menu\menu.cpp(363): warning C4244: 'argument': conversion from 'float' to 'int', possible loss of data
d:\softwares\project files\data\stickrpghook with new menu, modified resolver, and new features\antario\menu\menu.cpp(420): warning C4018: '<': signed/unsigned mismatch
d:\softwares\project files\data\stickrpghook with new menu, modified resolver, and new features\antario\menu\menu.cpp(495): warning C4018: '<': signed/unsigned mismatch
d:\softwares\project files\data\stickrpghook with new menu, modified resolver, and new features\antario\menu\menu.cpp(521): warning C4018: '<': signed/unsigned mismatch
d:\softwares\project files\data\stickrpghook with new menu, modified resolver, and new features\antario\menu\menu.cpp(530): warning C4018: '<': signed/unsigned mismatch
d:\softwares\project files\data\stickrpghook with new menu, modified resolver, and new features\antario\menu\menu.cpp(650): warning C4244: '=': conversion from 'int' to 'float', possible loss of data
d:\softwares\project files\data\stickrpghook with new menu, modified resolver, and new features\antario\menu\menu.cpp(651): warning C4244: '=': conversion from 'int' to 'float', possible loss of data
d:\softwares\project files\data\stickrpghook with new menu, modified resolver, and new features\antario\menu\menu.cpp(652): warning C4244: '=': conversion from 'int' to 'float', possible loss of data
d:\softwares\project files\data\stickrpghook with new menu, modified resolver, and new features\antario\menu\menu.cpp(660): warning C4244: '=': conversion from 'float' to 'int', possible loss of data
d:\softwares\project files\data\stickrpghook with new menu, modified resolver, and new features\antario\menu\menu.cpp(661): warning C4244: '=': conversion from 'float' to 'int', possible loss of data
d:\softwares\project files\data\stickrpghook with new menu, modified resolver, and new features\antario\menu\menu.cpp(662): warning C4244: '=': conversion from 'float' to 'int', possible loss of data
  NetvarManager.cpp
d:\softwares\project files\data\stickrpghook with new menu, modified resolver, and new features\antario\sdk\vector.h(124): warning C4244: '=': conversion from 'double' to 'float', possible loss of data (compiling source file Antario\Utils\GlobalVars.cpp)
d:\softwares\project files\data\stickrpghook with new menu, modified resolver, and new features\antario\sdk\vector.h(126): warning C4244: 'argument': conversion from 'double' to 'float', possible loss of data (compiling source file Antario\Utils\GlobalVars.cpp)
d:\softwares\project files\data\stickrpghook with new menu, modified resolver, and new features\antario\utils\utils.h(67): error C2664: 'HMODULE GetModuleHandleW(LPCWSTR)': cannot convert argument 1 from 'const char *' to 'LPCWSTR' (compiling source file Antario\Utils\GlobalVars.cpp)
  d:\softwares\project files\data\stickrpghook with new menu, modified resolver, and new features\antario\utils\utils.h(67): note: Types pointed to are unrelated; conversion requires reinterpret_cast, C-style cast or function-style cast (compiling source file Antario\Utils\GlobalVars.cpp)
d:\softwares\project files\data\stickrpghook with new menu, modified resolver, and new features\antario\utils\utils.h(67): error C2789: 'module_address': an object of const-qualified type must be initialized (compiling source file Antario\Utils\GlobalVars.cpp)
  d:\softwares\project files\data\stickrpghook with new menu, modified resolver, and new features\antario\utils\utils.h(67): note: see declaration of 'module_address' (compiling source file Antario\Utils\GlobalVars.cpp)
  ESP.cpp
d:\softwares\project files\data\stickrpghook with new menu, modified resolver, and new features\antario\sdk\vector.h(124): warning C4244: '=': conversion from 'double' to 'float', possible loss of data (compiling source file Antario\Utils\Interfaces.cpp)
d:\softwares\project files\data\stickrpghook with new menu, modified resolver, and new features\antario\sdk\vector.h(126): warning C4244: 'argument': conversion from 'double' to 'float', possible loss of data (compiling source file Antario\Utils\Interfaces.cpp)
d:\softwares\project files\data\stickrpghook with new menu, modified resolver, and new features\antario\utils\utils.h(67): error C2664: 'HMODULE GetModuleHandleW(LPCWSTR)': cannot convert argument 1 from 'const char *' to 'LPCWSTR' (compiling source file Antario\Utils\Interfaces.cpp)
  d:\softwares\project files\data\stickrpghook with new menu, modified resolver, and new features\antario\utils\utils.h(67): note: Types pointed to are unrelated; conversion requires reinterpret_cast, C-style cast or function-style cast (compiling source file Antario\Utils\Interfaces.cpp)
d:\softwares\project files\data\stickrpghook with new menu, modified resolver, and new features\antario\utils\utils.h(67): error C2789: 'module_address': an object of const-qualified type must be initialized (compiling source file Antario\Utils\Interfaces.cpp)
  d:\softwares\project files\data\stickrpghook with new menu, modified resolver, and new features\antario\utils\utils.h(67): note: see declaration of 'module_address' (compiling source file Antario\Utils\Interfaces.cpp)
d:\softwares\project files\data\stickrpghook with new menu, modified resolver, and new features\antario\sdk\isurface.h(278): error C2664: 'HWND FindWindowW(LPCWSTR,LPCWSTR)': cannot convert argument 2 from 'const char [33]' to 'LPCWSTR' (compiling source file Antario\Utils\Interfaces.cpp)
  d:\softwares\project files\data\stickrpghook with new menu, modified resolver, and new features\antario\sdk\isurface.h(278): note: Types pointed to are unrelated; conversion requires reinterpret_cast, C-style cast or function-style cast (compiling source file Antario\Utils\Interfaces.cpp)
d:\softwares\project files\data\stickrpghook with new menu, modified resolver, and new features\antario\sdk\vector.h(124): warning C4244: '=': conversion from 'double' to 'float', possible loss of data (compiling source file Antario\Utils\Math.cpp)
d:\softwares\project files\data\stickrpghook with new menu, modified resolver, and new features\antario\sdk\vector.h(126): warning C4244: 'argument': conversion from 'double' to 'float', possible loss of data (compiling source file Antario\Utils\Math.cpp)
d:\softwares\project files\data\stickrpghook with new menu, modified resolver, and new features\antario\utils\math.cpp(39): warning C4244: '=': conversion from 'double' to 'float', possible loss of data
d:\softwares\project files\data\stickrpghook with new menu, modified resolver, and new features\antario\utils\math.cpp(40): warning C4244: '=': conversion from 'double' to 'float', possible loss of data
d:\softwares\project files\data\stickrpghook with new menu, modified resolver, and new features\antario\utils\math.cpp(43): warning C4244: '=': conversion from 'double' to 'float', possible loss of data
d:\softwares\project files\data\stickrpghook with new menu, modified resolver, and new features\antario\utils\math.cpp(46): warning C4244: '=': conversion from 'double' to 'float', possible loss of data
d:\softwares\project files\data\stickrpghook with new menu, modified resolver, and new features\antario\utils\math.cpp(47): warning C4244: '=': conversion from 'double' to 'float', possible loss of data
d:\softwares\project files\data\stickrpghook with new menu, modified resolver, and new features\antario\utils\math.cpp(206): warning C4244: 'return': conversion from 'double' to 'float', possible loss of data
d:\softwares\project files\data\stickrpghook with new menu, modified resolver, and new features\antario\sdk\vector.h(124): warning C4244: '=': conversion from 'double' to 'float', possible loss of data (compiling source file Antario\Features\Visuals\ESP.cpp)
d:\softwares\project files\data\stickrpghook with new menu, modified resolver, and new features\antario\sdk\vector.h(126): warning C4244: 'argument': conversion from 'double' to 'float', possible loss of data (compiling source file Antario\Features\Visuals\ESP.cpp)
d:\softwares\project files\data\stickrpghook with new menu, modified resolver, and new features\antario\utils\utils.h(67): error C2664: 'HMODULE GetModuleHandleW(LPCWSTR)': cannot convert argument 1 from 'const char *' to 'LPCWSTR' (compiling source file Antario\Features\Visuals\ESP.cpp)
  d:\softwares\project files\data\stickrpghook with new menu, modified resolver, and new features\antario\utils\utils.h(67): note: Types pointed to are unrelated; conversion requires reinterpret_cast, C-style cast or function-style cast (compiling source file Antario\Features\Visuals\ESP.cpp)
d:\softwares\project files\data\stickrpghook with new menu, modified resolver, and new features\antario\utils\utils.h(67): error C2789: 'module_address': an object of const-qualified type must be initialized (compiling source file Antario\Features\Visuals\ESP.cpp)
  d:\softwares\project files\data\stickrpghook with new menu, modified resolver, and new features\antario\utils\utils.h(67): note: see declaration of 'module_address' (compiling source file Antario\Features\Visuals\ESP.cpp)
d:\softwares\project files\data\stickrpghook with new menu, modified resolver, and new features\antario\sdk\isurface.h(278): error C2664: 'HWND FindWindowW(LPCWSTR,LPCWSTR)': cannot convert argument 2 from 'const char [33]' to 'LPCWSTR' (compiling source file Antario\Features\Visuals\ESP.cpp)
  d:\softwares\project files\data\stickrpghook with new menu, modified resolver, and new features\antario\sdk\isurface.h(278): note: Types pointed to are unrelated; conversion requires reinterpret_cast, C-style cast or function-style cast (compiling source file Antario\Features\Visuals\ESP.cpp)
d:\softwares\project files\data\stickrpghook with new menu, modified resolver, and new features\antario\features\visuals\esp.cpp(33): warning C4305: 'initializing': truncation from 'double' to 'float'
d:\softwares\project files\data\stickrpghook with new menu, modified resolver, and new features\antario\features\visuals\esp.cpp(109): warning C4244: 'argument': conversion from 'float' to 'int', possible loss of data
d:\softwares\project files\data\stickrpghook with new menu, modified resolver, and new features\antario\features\visuals\esp.cpp(168): warning C4244: 'argument': conversion from 'float' to 'int', possible loss of data
d:\softwares\project files\data\stickrpghook with new menu, modified resolver, and new features\antario\features\visuals\esp.cpp(169): warning C4244: 'argument': conversion from 'float' to 'int', possible loss of data
d:\softwares\project files\data\stickrpghook with new menu, modified resolver, and new features\antario\features\visuals\esp.cpp(170): warning C4244: 'argument': conversion from 'float' to 'int', possible loss of data
d:\softwares\project files\data\stickrpghook with new menu, modified resolver, and new features\antario\features\visuals\esp.cpp(171): warning C4244: 'argument': conversion from 'float' to 'int', possible loss of data
d:\softwares\project files\data\stickrpghook with new menu, modified resolver, and new features\antario\features\visuals\esp.cpp(172): warning C4244: 'argument': conversion from 'float' to 'int', possible loss of data
d:\softwares\project files\data\stickrpghook with new menu, modified resolver, and new features\antario\features\visuals\esp.cpp(173): warning C4244: 'argument': conversion from 'float' to 'int', possible loss of data
d:\softwares\project files\data\stickrpghook with new menu, modified resolver, and new features\antario\features\visuals\esp.cpp(176): warning C4244: 'argument': conversion from 'float' to 'int', possible loss of data
d:\softwares\project files\data\stickrpghook with new menu, modified resolver, and new features\antario\features\visuals\esp.cpp(177): warning C4244: 'argument': conversion from 'float' to 'int', possible loss of data
d:\softwares\project files\data\stickrpghook with new menu, modified resolver, and new features\antario\features\visuals\esp.cpp(178): warning C4244: 'argument': conversion from 'float' to 'int', possible loss of data
d:\softwares\project files\data\stickrpghook with new menu, modified resolver, and new features\antario\features\visuals\esp.cpp(181): warning C4244: 'argument': conversion from 'float' to 'int', possible loss of data
d:\softwares\project files\data\stickrpghook with new menu, modified resolver, and new features\antario\features\visuals\esp.cpp(182): warning C4244: 'argument': conversion from 'float' to 'int', possible loss of data
d:\softwares\project files\data\stickrpghook with new menu, modified resolver, and new features\antario\features\visuals\esp.cpp(183): warning C4244: 'argument': conversion from 'float' to 'int', possible loss of data
d:\softwares\project files\data\stickrpghook with new menu, modified resolver, and new features\antario\features\visuals\esp.cpp(186): warning C4244: 'argument': conversion from 'float' to 'int', possible loss of data
d:\softwares\project files\data\stickrpghook with new menu, modified resolver, and new features\antario\features\visuals\esp.cpp(187): warning C4244: 'argument': conversion from 'float' to 'int', possible loss of data
d:\softwares\project files\data\stickrpghook with new menu, modified resolver, and new features\antario\features\visuals\esp.cpp(188): warning C4244: 'argument': conversion from 'float' to 'int', possible loss of data
d:\softwares\project files\data\stickrpghook with new menu, modified resolver, and new features\antario\features\visuals\esp.cpp(191): warning C4244: 'argument': conversion from 'float' to 'int', possible loss of data
d:\softwares\project files\data\stickrpghook with new menu, modified resolver, and new features\antario\features\visuals\esp.cpp(192): warning C4244: 'argument': conversion from 'float' to 'int', possible loss of data
d:\softwares\project files\data\stickrpghook with new menu, modified resolver, and new features\antario\features\visuals\esp.cpp(193): warning C4244: 'argument': conversion from 'float' to 'int', possible loss of data
d:\softwares\project files\data\stickrpghook with new menu, modified resolver, and new features\antario\features\visuals\esp.cpp(211): warning C4244: 'initializing': conversion from 'float' to 'int', possible loss of data
d:\softwares\project files\data\stickrpghook with new menu, modified resolver, and new features\antario\features\visuals\esp.cpp(212): warning C4244: 'initializing': conversion from 'float' to 'int', possible loss of data
d:\softwares\project files\data\stickrpghook with new menu, modified resolver, and new features\antario\features\visuals\esp.cpp(215): warning C4244: '=': conversion from 'float' to 'int', possible loss of data
d:\softwares\project files\data\stickrpghook with new menu, modified resolver, and new features\antario\features\visuals\esp.cpp(216): warning C4244: '=': conversion from 'float' to 'int', possible loss of data
d:\softwares\project files\data\stickrpghook with new menu, modified resolver, and new features\antario\features\visuals\esp.cpp(261): warning C4244: 'argument': conversion from 'float' to 'int', possible loss of data
d:\softwares\project files\data\stickrpghook with new menu, modified resolver, and new features\antario\features\visuals\esp.cpp(262): warning C4244: 'argument': conversion from 'float' to 'int', possible loss of data
d:\softwares\project files\data\stickrpghook with new menu, modified resolver, and new features\antario\features\visuals\esp.cpp(263): warning C4244: 'argument': conversion from 'float' to 'int', possible loss of data
d:\softwares\project files\data\stickrpghook with new menu, modified resolver, and new features\antario\features\visuals\esp.cpp(328): warning C4244: 'argument': conversion from 'float' to 'int', possible loss of data
d:\softwares\project files\data\stickrpghook with new menu, modified resolver, and new features\antario\features\visuals\esp.cpp(356): warning C4244: 'argument': conversion from 'float' to 'int', possible loss of data
